<?xml version="1.0" encoding="UTF-8"?>
<testng-results ignored="0" total="1" passed="1" failed="0" skipped="0">
  <reporter-output>
  </reporter-output>
  <suite started-at="2025-11-23T17:33:48 IST" name="Default suite" finished-at="2025-11-23T17:33:54 IST" duration-ms="6101">
    <groups>
    </groups>
    <test started-at="2025-11-23T17:33:48 IST" name="Default test" finished-at="2025-11-23T17:33:54 IST" duration-ms="6101">
      <class name="rajtechlearning.ExtentReports.ExtentReportDemo">
        <test-method is-config="true" signature="config()[pri:0, instance:rajtechlearning.ExtentReports.ExtentReportDemo@72cde7cc]" started-at="2025-11-23T17:33:48 IST" name="config" finished-at="2025-11-23T17:33:48 IST" duration-ms="556" status="PASS">
          <reporter-output>
          </reporter-output>
        </test-method> <!-- config -->
        <test-method signature="initialDemo()[pri:0, instance:rajtechlearning.ExtentReports.ExtentReportDemo@72cde7cc]" started-at="2025-11-23T17:33:48 IST" name="initialDemo" finished-at="2025-11-23T17:33:54 IST" duration-ms="5456" status="PASS">
          <reporter-output>
          </reporter-output>
        </test-method> <!-- initialDemo -->
      </class> <!-- rajtechlearning.ExtentReports.ExtentReportDemo -->
    </test> <!-- Default test -->
  </suite> <!-- Default suite -->
</testng-results>
